<?xml version="1.0" encoding="UTF-8"?>
<!-- Generated by org.testng.reporters.JUnitReportReporter -->
<testsuite hostname="DESKTOP-HSPP9QS" failures="0" tests="2" name="testRunner.Runner" time="18.010" errors="0" timestamp="22 Oct 2023 20:34:20 GMT" skipped="0">
  <testcase classname="testRunner.Runner" name="runScenario" time="9.295"/>
  <testcase classname="testRunner.Runner" name="runScenario" time="8.715"/>
</testsuite> <!-- testRunner.Runner -->
